<?xml version="1.0" encoding="UTF-8"?>
<testsuite name="demo.ApplicationTests" tests="1" skipped="0" failures="0" errors="0" timestamp="2014-12-08T07:17:06" hostname="Arjun-PC" time="4.476">
  <properties/>
  <testcase name="contextLoads" classname="demo.ApplicationTests" time="4.476"/>
  <system-out><![CDATA[23:17:06.507 [Test worker] DEBUG o.s.t.c.j.SpringJUnit4ClassRunner - SpringJUnit4ClassRunner constructor called with [class demo.ApplicationTests].
23:17:06.565 [Test worker] DEBUG o.s.test.context.ContextLoaderUtils - Found explicit ContextLoader class [org.springframework.boot.test.SpringApplicationContextLoader] for context configuration attributes [ContextConfigurationAttributes@703c5553 declaringClass = 'demo.ApplicationTests', classes = '{class com.wallet.main.Application}', locations = '{}', inheritLocations = true, initializers = '{}', inheritInitializers = true, name = [null], contextLoaderClass = 'org.springframework.boot.test.SpringApplicationContextLoader']
23:17:06.575 [Test worker] DEBUG o.s.test.context.ContextLoaderUtils - Could not find an 'annotation declaring class' for annotation type [org.springframework.test.context.ActiveProfiles] and class [demo.ApplicationTests]
23:17:06.578 [Test worker] DEBUG o.s.test.context.TestContextManager - @TestExecutionListeners is not present for class [demo.ApplicationTests]: using defaults.
23:17:06.599 [Test worker] DEBUG o.s.t.annotation.ProfileValueUtils - Retrieved @ProfileValueSourceConfiguration [null] for test class [demo.ApplicationTests]
23:17:06.600 [Test worker] DEBUG o.s.t.annotation.ProfileValueUtils - Retrieved ProfileValueSource type [class org.springframework.test.annotation.SystemProfileValueSource] for class [demo.ApplicationTests]
23:17:06.604 [Test worker] DEBUG o.s.t.annotation.ProfileValueUtils - Retrieved @ProfileValueSourceConfiguration [null] for test class [demo.ApplicationTests]
23:17:06.604 [Test worker] DEBUG o.s.t.annotation.ProfileValueUtils - Retrieved ProfileValueSource type [class org.springframework.test.annotation.SystemProfileValueSource] for class [demo.ApplicationTests]
23:17:06.606 [Test worker] DEBUG o.s.t.annotation.ProfileValueUtils - Retrieved @ProfileValueSourceConfiguration [null] for test class [demo.ApplicationTests]
23:17:06.606 [Test worker] DEBUG o.s.t.annotation.ProfileValueUtils - Retrieved ProfileValueSource type [class org.springframework.test.annotation.SystemProfileValueSource] for class [demo.ApplicationTests]
23:17:06.609 [Test worker] DEBUG o.s.t.annotation.ProfileValueUtils - Retrieved @ProfileValueSourceConfiguration [null] for test class [demo.ApplicationTests]
23:17:06.610 [Test worker] DEBUG o.s.t.annotation.ProfileValueUtils - Retrieved ProfileValueSource type [class org.springframework.test.annotation.SystemProfileValueSource] for class [demo.ApplicationTests]
23:17:06.714 [Test worker] DEBUG o.s.core.env.StandardEnvironment - Adding [systemProperties] PropertySource with lowest search precedence
23:17:06.718 [Test worker] DEBUG o.s.core.env.StandardEnvironment - Adding [systemEnvironment] PropertySource with lowest search precedence
23:17:06.718 [Test worker] DEBUG o.s.core.env.StandardEnvironment - Initialized StandardEnvironment with PropertySources [systemProperties,systemEnvironment]
23:17:06.728 [Test worker] DEBUG o.s.w.c.s.StandardServletEnvironment - Adding [servletConfigInitParams] PropertySource with lowest search precedence
23:17:06.728 [Test worker] DEBUG o.s.w.c.s.StandardServletEnvironment - Adding [servletContextInitParams] PropertySource with lowest search precedence
23:17:06.736 [Test worker] DEBUG o.s.w.c.s.StandardServletEnvironment - Adding [jndiProperties] PropertySource with lowest search precedence
23:17:06.737 [Test worker] DEBUG o.s.w.c.s.StandardServletEnvironment - Adding [systemProperties] PropertySource with lowest search precedence
23:17:06.737 [Test worker] DEBUG o.s.w.c.s.StandardServletEnvironment - Adding [systemEnvironment] PropertySource with lowest search precedence
23:17:06.737 [Test worker] DEBUG o.s.w.c.s.StandardServletEnvironment - Initialized StandardServletEnvironment with PropertySources [servletConfigInitParams,servletContextInitParams,jndiProperties,systemProperties,systemEnvironment]
23:17:06.739 [Test worker] DEBUG o.s.w.c.s.StandardServletEnvironment - Adding [integrationTest] PropertySource with search precedence immediately lower than [systemEnvironment]

  .   ____          _            __ _ _
 /\\ / ___'_ __ _ _(_)_ __  __ _ \ \ \ \
( ( )\___ | '_ | '_| | '_ \/ _` | \ \ \ \
 \\/  ___)| |_)| | | | | || (_| |  ) ) ) )
  '  |____| .__|_| |_|_| |_\__, | / / / /
 =========|_|==============|___/=/_/_/_/
 :: Spring Boot ::        (v1.1.6.RELEASE)

2014-12-07 23:17:07.320  INFO 400 --- [    Test worker] o.s.boot.SpringApplication               : Starting application on Arjun-PC with PID 400 (C:\Users\ArjunKumar\.gradle\caches\modules-2\files-2.1\org.springframework.boot\spring-boot\1.1.6.RELEASE\761f1962a68c791c557f05883d5df80f2848b743\spring-boot-1.1.6.RELEASE.jar started by ArjunKumar in D:\SJSU_SE Course Files\273 proj_work space\A3\cmpe273-assignment3)
2014-12-07 23:17:07.410  INFO 400 --- [    Test worker] o.s.w.c.s.GenericWebApplicationContext   : Refreshing org.springframework.web.context.support.GenericWebApplicationContext@34cf4168: startup date [Sun Dec 07 23:17:07 PST 2014]; root of context hierarchy
2014-12-07 23:17:08.451  INFO 400 --- [    Test worker] o.s.b.f.s.DefaultListableBeanFactory     : Overriding bean definition for bean 'beanNameViewResolver': replacing [Root bean: class [null]; scope=; abstract=false; lazyInit=false; autowireMode=3; dependencyCheck=0; autowireCandidate=true; primary=false; factoryBeanName=org.springframework.boot.autoconfigure.web.ErrorMvcAutoConfiguration$WhitelabelErrorViewConfiguration; factoryMethodName=beanNameViewResolver; initMethodName=null; destroyMethodName=(inferred); defined in class path resource [org/springframework/boot/autoconfigure/web/ErrorMvcAutoConfiguration$WhitelabelErrorViewConfiguration.class]] with [Root bean: class [null]; scope=; abstract=false; lazyInit=false; autowireMode=3; dependencyCheck=0; autowireCandidate=true; primary=false; factoryBeanName=org.springframework.boot.autoconfigure.web.WebMvcAutoConfiguration$WebMvcAutoConfigurationAdapter; factoryMethodName=beanNameViewResolver; initMethodName=null; destroyMethodName=(inferred); defined in class path resource [org/springframework/boot/autoconfigure/web/WebMvcAutoConfiguration$WebMvcAutoConfigurationAdapter.class]]
2014-12-07 23:17:10.633  INFO 400 --- [    Test worker] o.s.w.s.handler.SimpleUrlHandlerMapping  : Mapped URL path [/**/favicon.ico] onto handler of type [class org.springframework.web.servlet.resource.ResourceHttpRequestHandler]
2014-12-07 23:17:10.817  INFO 400 --- [    Test worker] s.w.s.m.m.a.RequestMappingHandlerMapping : Mapped "{[/api/v1//users],methods=[POST],params=[],headers=[],consumes=[],produces=[],custom=[]}" onto public com.wallet.beans.User com.wallet.main.WalletController.createUsers(com.wallet.beans.User)
2014-12-07 23:17:10.818  INFO 400 --- [    Test worker] s.w.s.m.m.a.RequestMappingHandlerMapping : Mapped "{[/api/v1//users/{user_id}],methods=[GET],params=[],headers=[],consumes=[],produces=[],custom=[]}" onto public com.mongodb.BasicDBObject com.wallet.main.WalletController.viewUser(java.lang.String)
2014-12-07 23:17:10.818  INFO 400 --- [    Test worker] s.w.s.m.m.a.RequestMappingHandlerMapping : Mapped "{[/api/v1//users/{user_id}/idcards/{card_id}],methods=[DELETE],params=[],headers=[],consumes=[],produces=[],custom=[]}" onto public void com.wallet.main.WalletController.deleteIDCard(java.lang.String,java.lang.String)
2014-12-07 23:17:10.818  INFO 400 --- [    Test worker] s.w.s.m.m.a.RequestMappingHandlerMapping : Mapped "{[/api/v1//users/{user_id}/idcards],methods=[GET],params=[],headers=[],consumes=[],produces=[],custom=[]}" onto public com.mongodb.BasicDBObject com.wallet.main.WalletController.listIDCards(java.lang.String)
2014-12-07 23:17:10.819  INFO 400 --- [    Test worker] s.w.s.m.m.a.RequestMappingHandlerMapping : Mapped "{[/api/v1//users/{user_id}/weblogins],methods=[POST],params=[],headers=[],consumes=[],produces=[],custom=[]}" onto public com.wallet.beans.WebLogin com.wallet.main.WalletController.createWebLogin(com.wallet.beans.WebLogin,java.lang.String)
2014-12-07 23:17:10.819  INFO 400 --- [    Test worker] s.w.s.m.m.a.RequestMappingHandlerMapping : Mapped "{[/api/v1//users/{user_id}/bankaccounts],methods=[GET],params=[],headers=[],consumes=[],produces=[],custom=[]}" onto public com.mongodb.BasicDBObject com.wallet.main.WalletController.listBankAccount(java.lang.String)
2014-12-07 23:17:10.820  INFO 400 --- [    Test worker] s.w.s.m.m.a.RequestMappingHandlerMapping : Mapped "{[/api/v1//users/{user_id}],methods=[PUT],params=[],headers=[],consumes=[],produces=[],custom=[]}" onto public com.mongodb.BasicDBObject com.wallet.main.WalletController.updateUser(java.lang.String,com.wallet.beans.User)
2014-12-07 23:17:10.820  INFO 400 --- [    Test worker] s.w.s.m.m.a.RequestMappingHandlerMapping : Mapped "{[/api/v1//users/{user_id}/idcards],methods=[POST],params=[],headers=[],consumes=[],produces=[],custom=[]}" onto public com.wallet.beans.IDCard com.wallet.main.WalletController.createIDCard(com.wallet.beans.IDCard,java.lang.String)
2014-12-07 23:17:10.821  INFO 400 --- [    Test worker] s.w.s.m.m.a.RequestMappingHandlerMapping : Mapped "{[/api/v1//users/{user_id}/weblogins/{login_id}],methods=[DELETE],params=[],headers=[],consumes=[],produces=[],custom=[]}" onto public void com.wallet.main.WalletController.deleteWebLogin(java.lang.String,java.lang.String)
2014-12-07 23:17:10.821  INFO 400 --- [    Test worker] s.w.s.m.m.a.RequestMappingHandlerMapping : Mapped "{[/api/v1//users/{user_id}/weblogins],methods=[GET],params=[],headers=[],consumes=[],produces=[],custom=[]}" onto public com.mongodb.BasicDBObject com.wallet.main.WalletController.listWebLogins(java.lang.String)
2014-12-07 23:17:10.821  INFO 400 --- [    Test worker] s.w.s.m.m.a.RequestMappingHandlerMapping : Mapped "{[/api/v1//users/{user_id}/bankaccounts],methods=[POST],params=[],headers=[],consumes=[],produces=[],custom=[]}" onto public com.wallet.beans.BankAccount com.wallet.main.WalletController.createBankAccount(com.wallet.beans.BankAccount,java.lang.String) throws com.mashape.unirest.http.exceptions.UnirestException
2014-12-07 23:17:10.822  INFO 400 --- [    Test worker] s.w.s.m.m.a.RequestMappingHandlerMapping : Mapped "{[/api/v1//users/{user_id}/bankaccounts/{ba_id}],methods=[DELETE],params=[],headers=[],consumes=[],produces=[],custom=[]}" onto public void com.wallet.main.WalletController.deleteBankAccount(java.lang.String,java.lang.String)
2014-12-07 23:17:10.827  INFO 400 --- [    Test worker] s.w.s.m.m.a.RequestMappingHandlerMapping : Mapped "{[/error],methods=[],params=[],headers=[],consumes=[],produces=[],custom=[]}" onto public org.springframework.http.ResponseEntity<java.util.Map<java.lang.String, java.lang.Object>> org.springframework.boot.autoconfigure.web.BasicErrorController.error(javax.servlet.http.HttpServletRequest)
2014-12-07 23:17:10.827  INFO 400 --- [    Test worker] s.w.s.m.m.a.RequestMappingHandlerMapping : Mapped "{[/error],methods=[],params=[],headers=[],consumes=[],produces=[text/html],custom=[]}" onto public org.springframework.web.servlet.ModelAndView org.springframework.boot.autoconfigure.web.BasicErrorController.errorHtml(javax.servlet.http.HttpServletRequest)
2014-12-07 23:17:10.851  INFO 400 --- [    Test worker] o.s.w.s.handler.SimpleUrlHandlerMapping  : Mapped URL path [/webjars/**] onto handler of type [class org.springframework.web.servlet.resource.ResourceHttpRequestHandler]
2014-12-07 23:17:10.851  INFO 400 --- [    Test worker] o.s.w.s.handler.SimpleUrlHandlerMapping  : Mapped URL path [/**] onto handler of type [class org.springframework.web.servlet.resource.ResourceHttpRequestHandler]
2014-12-07 23:17:11.069  INFO 400 --- [    Test worker] o.s.boot.SpringApplication               : Started application in 4.314 seconds (JVM running for 5.922)
]]></system-out>
  <system-err><![CDATA[]]></system-err>
</testsuite>
